<?xml version="1.0" encoding="UTF-8"?>
<!-- Generated by org.testng.reporters.JUnitReportReporter -->
<testsuite hostname="MACMD728" failures="0" tests="1" name="runner.OPFPF_runner" time="25.910" errors="0" timestamp="2025-02-05T16:38:39 IST" skipped="0">
  <testcase classname="runner.OPFPF_runner" name="runScenario" time="25.910"/>
  <system-out/>
</testsuite> <!-- runner.OPFPF_runner -->
