<?xml version="1.0" encoding="UTF-8"?>
<!-- Generated by org.testng.reporters.JUnitReportReporter -->
<testsuite hostname="LAPTOP-O8PBM4OO" failures="0" tests="4" name="runner.OPFPF_runner" time="239.663" errors="0" timestamp="2025-02-03T21:23:45 IST" skipped="0">
  <testcase classname="runner.OPFPF_runner" name="runScenario" time="59.785"/>
  <system-out/>
  <testcase classname="runner.OPFPF_runner" name="runScenario" time="57.278"/>
  <system-out/>
  <testcase classname="runner.OPFPF_runner" name="runScenario" time="58.304"/>
  <system-out/>
  <testcase classname="runner.OPFPF_runner" name="runScenario" time="64.296"/>
  <system-out/>
</testsuite> <!-- runner.OPFPF_runner -->
