<?xml version="1.0" encoding="UTF-8"?>
<!-- Generated by org.testng.reporters.JUnitReportReporter -->
<testsuite hostname="MACMD728" failures="0" tests="5" name="runner.OPFPF_runner" time="226.222" errors="0" timestamp="2025-02-05T16:45:46 IST" skipped="0">
  <testcase classname="runner.OPFPF_runner" name="runScenario" time="25.989"/>
  <system-out/>
  <testcase classname="runner.OPFPF_runner" name="runScenario" time="54.727"/>
  <system-out/>
  <testcase classname="runner.OPFPF_runner" name="runScenario" time="48.507"/>
  <system-out/>
  <testcase classname="runner.OPFPF_runner" name="runScenario" time="48.416"/>
  <system-out/>
  <testcase classname="runner.OPFPF_runner" name="runScenario" time="48.583"/>
  <system-out/>
</testsuite> <!-- runner.OPFPF_runner -->
