<?xml version="1.0" encoding="UTF-8"?>
<!-- Generated by org.testng.reporters.JUnitReportReporter -->
<testsuite hostname="MACMD728" failures="0" tests="2" name="runner.HelpModule_runner" time="92.500" errors="0" timestamp="2025-02-03T11:17:07 IST" skipped="0">
  <testcase classname="runner.HelpModule_runner" name="runScenario" time="62.484"/>
  <system-out/>
  <testcase classname="runner.HelpModule_runner" name="runScenario" time="30.016"/>
  <system-out/>
</testsuite> <!-- runner.HelpModule_runner -->
