<?xml version="1.0" encoding="UTF-8"?>
<!-- Generated by org.testng.reporters.JUnitReportReporter -->
<testsuite hostname="MACMD728" failures="0" tests="18" name="runner.SEMpages_runner" time="487.228" errors="0" timestamp="2025-02-06T11:16:04 IST" skipped="0">
  <testcase classname="runner.SEMpages_runner" name="runScenario" time="12.014"/>
  <system-out/>
  <testcase classname="runner.SEMpages_runner" name="runScenario" time="27.170"/>
  <system-out/>
  <testcase classname="runner.SEMpages_runner" name="runScenario" time="29.513"/>
  <system-out/>
  <testcase classname="runner.SEMpages_runner" name="runScenario" time="49.651"/>
  <system-out/>
  <testcase classname="runner.SEMpages_runner" name="runScenario" time="11.892"/>
  <system-out/>
  <testcase classname="runner.SEMpages_runner" name="runScenario" time="48.765"/>
  <system-out/>
  <testcase classname="runner.SEMpages_runner" name="runScenario" time="3.914"/>
  <system-out/>
  <testcase classname="runner.SEMpages_runner" name="runScenario" time="59.820"/>
  <system-out/>
  <testcase classname="runner.SEMpages_runner" name="runScenario" time="4.016"/>
  <system-out/>
  <testcase classname="runner.SEMpages_runner" name="runScenario" time="12.273"/>
  <system-out/>
  <testcase classname="runner.SEMpages_runner" name="runScenario" time="11.848"/>
  <system-out/>
  <testcase classname="runner.SEMpages_runner" name="runScenario" time="12.610"/>
  <system-out/>
  <testcase classname="runner.SEMpages_runner" name="runScenario" time="49.292"/>
  <system-out/>
  <testcase classname="runner.SEMpages_runner" name="runScenario" time="12.490"/>
  <system-out/>
  <testcase classname="runner.SEMpages_runner" name="runScenario" time="25.339"/>
  <system-out/>
  <testcase classname="runner.SEMpages_runner" name="runScenario" time="53.851"/>
  <system-out/>
  <testcase classname="runner.SEMpages_runner" name="runScenario" time="50.634"/>
  <system-out/>
  <testcase classname="runner.SEMpages_runner" name="runScenario" time="12.136"/>
  <system-out/>
</testsuite> <!-- runner.SEMpages_runner -->
