<?xml version="1.0" encoding="UTF-8"?>
<!-- Generated by org.testng.reporters.JUnitReportReporter -->
<testsuite hostname="MACMD728" failures="0" tests="1" name="runner.HelpModule_runner" time="54.723" errors="0" timestamp="2025-01-30T17:55:10 IST" skipped="0">
  <testcase classname="runner.HelpModule_runner" name="runScenario" time="54.723"/>
  <system-out/>
</testsuite> <!-- runner.HelpModule_runner -->
