<?xml version="1.0" encoding="UTF-8"?>
<!-- Generated by org.testng.reporters.JUnitReportReporter -->
<testsuite hostname="MACMD728" failures="0" tests="2" name="runner.HelpModule_runner" time="94.401" errors="0" timestamp="2025-01-31T17:19:40 IST" skipped="0">
  <testcase classname="runner.HelpModule_runner" name="runScenario" time="30.753"/>
  <system-out/>
  <testcase classname="runner.HelpModule_runner" name="runScenario" time="63.648"/>
  <system-out/>
</testsuite> <!-- runner.HelpModule_runner -->
