<?xml version="1.0" encoding="UTF-8"?>
<!-- Generated by org.testng.reporters.JUnitReportReporter -->
<testsuite hostname="MACMD728" failures="0" tests="10" name="runner.SEMpages_runner" time="0.174" errors="10" timestamp="2025-01-29T15:35:09 IST" skipped="0">
  <testcase classname="runner.SEMpages_runner" name="runScenario" time="0.006">
    <error message="C:\Users\rahul.nityo\git\src\main\resources\Configd.properties (The system cannot find the file specified)" type="java.io.FileNotFoundException">
      <![CDATA[java.io.FileNotFoundException: C:\Users\rahul.nityo\git\src\main\resources\Configd.properties (The system cannot find the file specified)
at java.base/java.io.FileInputStream.open0(Native Method)
at java.base/java.io.FileInputStream.open(FileInputStream.java:219)
at java.base/java.io.FileInputStream.<init>(FileInputStream.java:159)
at java.base/java.io.FileInputStream.<init>(FileInputStream.java:112)
at utility.propertyReader.readpropertydata(propertyReader.java:12)
at steps.ApplicationHooks.openBrowser(ApplicationHooks.java:21)
]]>
    </error>
  </testcase> <!-- runScenario -->
  <system-out/>
  <testcase classname="runner.SEMpages_runner" name="runScenario" time="0.007">
    <error message="C:\Users\rahul.nityo\git\src\main\resources\Configd.properties (The system cannot find the file specified)" type="java.io.FileNotFoundException">
      <![CDATA[java.io.FileNotFoundException: C:\Users\rahul.nityo\git\src\main\resources\Configd.properties (The system cannot find the file specified)
at java.base/java.io.FileInputStream.open0(Native Method)
at java.base/java.io.FileInputStream.open(FileInputStream.java:219)
at java.base/java.io.FileInputStream.<init>(FileInputStream.java:159)
at java.base/java.io.FileInputStream.<init>(FileInputStream.java:112)
at utility.propertyReader.readpropertydata(propertyReader.java:12)
at steps.ApplicationHooks.openBrowser(ApplicationHooks.java:21)
]]>
    </error>
  </testcase> <!-- runScenario -->
  <system-out/>
  <testcase classname="runner.SEMpages_runner" name="runScenario" time="0.007">
    <error message="C:\Users\rahul.nityo\git\src\main\resources\Configd.properties (The system cannot find the file specified)" type="java.io.FileNotFoundException">
      <![CDATA[java.io.FileNotFoundException: C:\Users\rahul.nityo\git\src\main\resources\Configd.properties (The system cannot find the file specified)
at java.base/java.io.FileInputStream.open0(Native Method)
at java.base/java.io.FileInputStream.open(FileInputStream.java:219)
at java.base/java.io.FileInputStream.<init>(FileInputStream.java:159)
at java.base/java.io.FileInputStream.<init>(FileInputStream.java:112)
at utility.propertyReader.readpropertydata(propertyReader.java:12)
at steps.ApplicationHooks.openBrowser(ApplicationHooks.java:21)
]]>
    </error>
  </testcase> <!-- runScenario -->
  <system-out/>
  <testcase classname="runner.SEMpages_runner" name="runScenario" time="0.006">
    <error message="C:\Users\rahul.nityo\git\src\main\resources\Configd.properties (The system cannot find the file specified)" type="java.io.FileNotFoundException">
      <![CDATA[java.io.FileNotFoundException: C:\Users\rahul.nityo\git\src\main\resources\Configd.properties (The system cannot find the file specified)
at java.base/java.io.FileInputStream.open0(Native Method)
at java.base/java.io.FileInputStream.open(FileInputStream.java:219)
at java.base/java.io.FileInputStream.<init>(FileInputStream.java:159)
at java.base/java.io.FileInputStream.<init>(FileInputStream.java:112)
at utility.propertyReader.readpropertydata(propertyReader.java:12)
at steps.ApplicationHooks.openBrowser(ApplicationHooks.java:21)
]]>
    </error>
  </testcase> <!-- runScenario -->
  <system-out/>
  <testcase classname="runner.SEMpages_runner" name="runScenario" time="0.006">
    <error message="C:\Users\rahul.nityo\git\src\main\resources\Configd.properties (The system cannot find the file specified)" type="java.io.FileNotFoundException">
      <![CDATA[java.io.FileNotFoundException: C:\Users\rahul.nityo\git\src\main\resources\Configd.properties (The system cannot find the file specified)
at java.base/java.io.FileInputStream.open0(Native Method)
at java.base/java.io.FileInputStream.open(FileInputStream.java:219)
at java.base/java.io.FileInputStream.<init>(FileInputStream.java:159)
at java.base/java.io.FileInputStream.<init>(FileInputStream.java:112)
at utility.propertyReader.readpropertydata(propertyReader.java:12)
at steps.ApplicationHooks.openBrowser(ApplicationHooks.java:21)
]]>
    </error>
  </testcase> <!-- runScenario -->
  <system-out/>
  <testcase classname="runner.SEMpages_runner" name="runScenario" time="0.117">
    <error message="C:\Users\rahul.nityo\git\src\main\resources\Configd.properties (The system cannot find the file specified)" type="java.io.FileNotFoundException">
      <![CDATA[java.io.FileNotFoundException: C:\Users\rahul.nityo\git\src\main\resources\Configd.properties (The system cannot find the file specified)
at java.base/java.io.FileInputStream.open0(Native Method)
at java.base/java.io.FileInputStream.open(FileInputStream.java:219)
at java.base/java.io.FileInputStream.<init>(FileInputStream.java:159)
at java.base/java.io.FileInputStream.<init>(FileInputStream.java:112)
at utility.propertyReader.readpropertydata(propertyReader.java:12)
at steps.ApplicationHooks.openBrowser(ApplicationHooks.java:21)
]]>
    </error>
  </testcase> <!-- runScenario -->
  <system-out/>
  <testcase classname="runner.SEMpages_runner" name="runScenario" time="0.005">
    <error message="C:\Users\rahul.nityo\git\src\main\resources\Configd.properties (The system cannot find the file specified)" type="java.io.FileNotFoundException">
      <![CDATA[java.io.FileNotFoundException: C:\Users\rahul.nityo\git\src\main\resources\Configd.properties (The system cannot find the file specified)
at java.base/java.io.FileInputStream.open0(Native Method)
at java.base/java.io.FileInputStream.open(FileInputStream.java:219)
at java.base/java.io.FileInputStream.<init>(FileInputStream.java:159)
at java.base/java.io.FileInputStream.<init>(FileInputStream.java:112)
at utility.propertyReader.readpropertydata(propertyReader.java:12)
at steps.ApplicationHooks.openBrowser(ApplicationHooks.java:21)
]]>
    </error>
  </testcase> <!-- runScenario -->
  <system-out/>
  <testcase classname="runner.SEMpages_runner" name="runScenario" time="0.004">
    <error message="C:\Users\rahul.nityo\git\src\main\resources\Configd.properties (The system cannot find the file specified)" type="java.io.FileNotFoundException">
      <![CDATA[java.io.FileNotFoundException: C:\Users\rahul.nityo\git\src\main\resources\Configd.properties (The system cannot find the file specified)
at java.base/java.io.FileInputStream.open0(Native Method)
at java.base/java.io.FileInputStream.open(FileInputStream.java:219)
at java.base/java.io.FileInputStream.<init>(FileInputStream.java:159)
at java.base/java.io.FileInputStream.<init>(FileInputStream.java:112)
at utility.propertyReader.readpropertydata(propertyReader.java:12)
at steps.ApplicationHooks.openBrowser(ApplicationHooks.java:21)
]]>
    </error>
  </testcase> <!-- runScenario -->
  <system-out/>
  <testcase classname="runner.SEMpages_runner" name="runScenario" time="0.011">
    <error message="C:\Users\rahul.nityo\git\src\main\resources\Configd.properties (The system cannot find the file specified)" type="java.io.FileNotFoundException">
      <![CDATA[java.io.FileNotFoundException: C:\Users\rahul.nityo\git\src\main\resources\Configd.properties (The system cannot find the file specified)
at java.base/java.io.FileInputStream.open0(Native Method)
at java.base/java.io.FileInputStream.open(FileInputStream.java:219)
at java.base/java.io.FileInputStream.<init>(FileInputStream.java:159)
at java.base/java.io.FileInputStream.<init>(FileInputStream.java:112)
at utility.propertyReader.readpropertydata(propertyReader.java:12)
at steps.ApplicationHooks.openBrowser(ApplicationHooks.java:21)
]]>
    </error>
  </testcase> <!-- runScenario -->
  <system-out/>
  <testcase classname="runner.SEMpages_runner" name="runScenario" time="0.005">
    <error message="C:\Users\rahul.nityo\git\src\main\resources\Configd.properties (The system cannot find the file specified)" type="java.io.FileNotFoundException">
      <![CDATA[java.io.FileNotFoundException: C:\Users\rahul.nityo\git\src\main\resources\Configd.properties (The system cannot find the file specified)
at java.base/java.io.FileInputStream.open0(Native Method)
at java.base/java.io.FileInputStream.open(FileInputStream.java:219)
at java.base/java.io.FileInputStream.<init>(FileInputStream.java:159)
at java.base/java.io.FileInputStream.<init>(FileInputStream.java:112)
at utility.propertyReader.readpropertydata(propertyReader.java:12)
at steps.ApplicationHooks.openBrowser(ApplicationHooks.java:21)
]]>
    </error>
  </testcase> <!-- runScenario -->
  <system-out/>
</testsuite> <!-- runner.SEMpages_runner -->
